<?xml version="1.0" encoding="UTF-8"?>
<!-- Generated by org.testng.reporters.JUnitXMLReporter -->
<testsuite ignored="0" hostname="K3CH101LPT003" failures="0" tests="3" name="Default test" time="20.016" errors="0" timestamp="21 May 2024 06:38:45 GMT">
  <testcase classname="Test.tutorialNinjaProj.Login" name="VerifyLoginWithValidCredential" time="1.215"/>
  <testcase classname="Test.tutorialNinjaProj.Login" name="VerifyLoginWithValidEmailAndInvalidPassword" time="0.874"/>
  <testcase classname="Test.tutorialNinjaProj.Login" name="VerifyLoginWithInvalidEmailAndValiPassword" time="0.855"/>
</testsuite> <!-- Default test -->
